<?xml version="1.0" encoding="UTF-8"?>
<testsuite xmlns:xsi="http://www.w3.org/2001/XMLSchema-instance" xsi:noNamespaceSchemaLocation="https://maven.apache.org/surefire/maven-surefire-plugin/xsd/surefire-test-report-3.0.xsd" version="3.0" name="runners.TestRunner" time="4.694" tests="3" errors="0" skipped="0" failures="0">
  <properties>
[...]
</properties>
  <testcase name="Create, Get and Delete object" classname="Object API End-to-End Testing" time="3.603">
    <system-out><![CDATA[
Scenario: Create, Get and Delete object          # src/test/resources/features/object.feature:3
  Given a "Apple MacBook Pro 16" item is created # stepdefinitions.ObjectSteps.setName(java.lang.String)
  And the CPU model is "Intel Core i9"           # stepdefinitions.ObjectSteps.setCPU(java.lang.String)
  And has a price of "1849.99"                   # stepdefinitions.ObjectSteps.setPrice(java.lang.String)
Request method:	POST
Request URI:	https://api.restful-api.dev/objects
Proxy:			<none>
Request params:	<none>
Query params:	<none>
Form params:	<none>
Path params:	<none>
Headers:		Accept=*/*
				Content-Type=application/json
Cookies:		<none>
Multiparts:		<none>
Body:
{
    "data": {
        "year": 2024,
        "price": 1849.99,
        "CPU model": "Intel Core i9"
    },
    "name": "Apple MacBook Pro 16"
}
  When the request to add the item is made       # stepdefinitions.ObjectSteps.createObject()
  Then a 200 response code is returned           # stepdefinitions.ObjectSteps.validateStatus()
  And a "Apple MacBook Pro 16" is created        # stepdefinitions.ObjectSteps.validateName(java.lang.String)
Request method:	GET
Request URI:	https://api.restful-api.dev/objects/ff8081819d150699019d300f17f93752
Proxy:			<none>
Request params:	<none>
Query params:	<none>
Form params:	<none>
Path params:	<none>
Headers:		Accept=*/*
Cookies:		<none>
Multiparts:		<none>
Body:			<none>
  When user retrieves the created object         # stepdefinitions.ObjectSteps.getObject()
  Then response contains correct name            # stepdefinitions.ObjectSteps.validateGet()
Request method:	DELETE
Request URI:	https://api.restful-api.dev/objects/ff8081819d150699019d300f17f93752
Proxy:			<none>
Request params:	<none>
Query params:	<none>
Form params:	<none>
Path params:	<none>
Headers:		Accept=*/*
Cookies:		<none>
Multiparts:		<none>
Body:			<none>
  When user deletes the object                   # stepdefinitions.ObjectSteps.deleteObject()
  Then response code should be 200               # stepdefinitions.ObjectSteps.response_code_should_be(java.lang.Integer)
  When user retrieves the deleted object         # stepdefinitions.ObjectSteps.getDeletedObject()
  Then response code should be 404               # stepdefinitions.ObjectSteps.response_code_should_be(java.lang.Integer)
]]></system-out>
  </testcase>
  <testcase name="Get invalid object" classname="Object API End-to-End Testing" time="0.307">
    <system-out><![CDATA[
Scenario: Get invalid object                 # src/test/resources/features/object.feature:21
  When user retrieves object with invalid id # stepdefinitions.ObjectSteps.getInvalidObject()
  Then response code should be 404           # stepdefinitions.ObjectSteps.response_code_should_be(java.lang.Integer)
]]></system-out>
  </testcase>
  <testcase name="Create object with missing name" classname="Object API End-to-End Testing" time="0.511">
    <system-out><![CDATA[
Scenario: Create object with missing name # src/test/resources/features/object.feature:25
  When user sends request without name    # stepdefinitions.ObjectSteps.createInvalidObject()
  Then response code should be 200        # stepdefinitions.ObjectSteps.response_code_should_be(java.lang.Integer)
]]></system-out>
  </testcase>
</testsuite>